#
# There is insufficient memory for the Java Runtime Environment to continue.
# Native memory allocation (malloc) failed to allocate 131088 bytes for Chunk::new
# Possible reasons:
#   The system is out of physical RAM or swap space
#   In 32 bit mode, the process size limit was hit
# Possible solutions:
#   Reduce memory load on the system
#   Increase physical memory or swap space
#   Check if swap backing store is full
#   Use 64 bit Java on a 64 bit OS
#   Decrease Java heap size (-Xmx/-Xms)
#   Decrease number of Java threads
#   Decrease Java thread stack sizes (-Xss)
#   Set larger code cache with -XX:ReservedCodeCacheSize=
# This output file may be truncated or incomplete.
#
#  Out of Memory Error (allocation.cpp:390), pid=15100, tid=0x00000000000005bc
#
# JRE version: Java(TM) SE Runtime Environment (8.0_144-b01) (build 1.8.0_144-b01)
# Java VM: Java HotSpot(TM) 64-Bit Server VM (25.144-b01 mixed mode windows-amd64 compressed oops)
# Failed to write core dump. Minidumps are not enabled by default on client versions of Windows
#

---------------  T H R E A D  ---------------

Current thread (0x00000000157d1000):  JavaThread "C2 CompilerThread0" daemon [_thread_in_native, id=1468, stack(0x0000000016e20000,0x0000000016f20000)]

Stack: [0x0000000016e20000,0x0000000016f20000]
[error occurred during error reporting (printing stack bounds), id 0xc0000005]

Native frames: (J=compiled Java code, j=interpreted, Vv=VM code, C=native code)


Current CompileTask:
C2:  78105 8221       4       org.gradle.internal.component.external.model.AbstractModuleComponentResolveMetadata::populateConfigurationFromDescriptor (270 bytes)


---------------  P R O C E S S  ---------------

Java Threads: ( => current thread )
  0x000000001be6d000 JavaThread "Task worker for ':' Thread 3" [_thread_blocked, id=13148, stack(0x0000000022c50000,0x0000000022d50000)]
  0x000000001be67800 JavaThread "Task worker for ':' Thread 2" [_thread_blocked, id=14496, stack(0x0000000022b50000,0x0000000022c50000)]
  0x000000001be6b800 JavaThread "Task worker for ':'" [_thread_blocked, id=15892, stack(0x0000000022a50000,0x0000000022b50000)]
  0x000000001be6c000 JavaThread "Cache worker for task history cache (D:\6_Project\MovieStar\android\.gradle\4.1\taskHistory)" [_thread_blocked, id=15964, stack(0x0000000022950000,0x0000000022a50000)]
  0x000000001be62800 JavaThread "Cache worker for file content cache (D:\6_Project\MovieStar\android\.gradle\4.1\fileContent)" [_thread_blocked, id=13024, stack(0x0000000022650000,0x0000000022750000)]
  0x000000001be61000 JavaThread "Memory manager" [_thread_blocked, id=1540, stack(0x000000001ff80000,0x0000000020080000)]
  0x0000000018642800 JavaThread "pool-1-thread-1" [_thread_blocked, id=11540, stack(0x000000001fc80000,0x000000001fd80000)]
  0x0000000018642000 JavaThread "build operations Thread 4" [_thread_blocked, id=2120, stack(0x000000001f780000,0x000000001f880000)]
  0x000000001863c800 JavaThread "build operations Thread 3" [_thread_blocked, id=7424, stack(0x000000001f680000,0x000000001f780000)]
  0x000000001863c000 JavaThread "build operations Thread 2" [_thread_blocked, id=9964, stack(0x000000001f580000,0x000000001f680000)]
  0x000000001863f800 JavaThread "build operations" [_thread_in_native, id=8008, stack(0x000000001f480000,0x000000001f580000)]
  0x000000001863f000 JavaThread "Cache worker for Artifact transforms cache (C:\Users\PC\.gradle\caches\transforms-1)" [_thread_blocked, id=13696, stack(0x000000001f280000,0x000000001f380000)]
  0x000000001863d800 JavaThread "Cache worker for file hash cache (D:\6_Project\MovieStar\android\.gradle\4.1\fileHashes)" [_thread_blocked, id=14324, stack(0x000000001b430000,0x000000001b530000)]
  0x0000000018640800 JavaThread "File lock request listener" [_thread_in_native, id=13564, stack(0x000000001a160000,0x000000001a260000)]
  0x000000001863e000 JavaThread "Cache worker for file hash cache (C:\Users\PC\.gradle\caches\4.1\fileHashes)" [_thread_blocked, id=15476, stack(0x000000001a060000,0x000000001a160000)]
  0x0000000018384000 JavaThread "Stdin handler" [_thread_blocked, id=15812, stack(0x0000000019f60000,0x000000001a060000)]
  0x0000000018383800 JavaThread "Asynchronous log dispatcher for DefaultDaemonConnection: socket connection from /127.0.0.1:51647 to /127.0.0.1:51648" [_thread_blocked, id=13568, stack(0x0000000019e60000,0x0000000019f60000)]
  0x0000000018380000 JavaThread "Daemon worker" [_thread_blocked, id=8280, stack(0x0000000019d60000,0x0000000019e60000)]
  0x000000001842a000 JavaThread "Cancel handler" [_thread_blocked, id=13536, stack(0x0000000019c60000,0x0000000019d60000)]
  0x0000000018338000 JavaThread "Handler for socket connection from /127.0.0.1:51647 to /127.0.0.1:51648" [_thread_in_native, id=9720, stack(0x0000000019960000,0x0000000019a60000)]
  0x0000000018335800 JavaThread "Daemon" [_thread_blocked, id=12496, stack(0x0000000019860000,0x0000000019960000)]
  0x00000000182b0800 JavaThread "Daemon periodic checks" [_thread_in_native, id=9328, stack(0x0000000019760000,0x0000000019860000)]
  0x000000001827e800 JavaThread "Incoming local TCP Connector on port 51647" [_thread_in_native, id=14572, stack(0x0000000019530000,0x0000000019630000)]
  0x00000000180ff000 JavaThread "Daemon health stats" [_thread_blocked, id=13716, stack(0x0000000018ef0000,0x0000000018ff0000)]
  0x0000000017140800 JavaThread "Service Thread" daemon [_thread_blocked, id=15064, stack(0x0000000017520000,0x0000000017620000)]
  0x00000000157d7000 JavaThread "C1 CompilerThread2" daemon [_thread_blocked, id=3828, stack(0x0000000017020000,0x0000000017120000)]
  0x00000000157d4000 JavaThread "C2 CompilerThread1" daemon [_thread_in_native, id=380, stack(0x0000000016f20000,0x0000000017020000)]
=>0x00000000157d1000 JavaThread "C2 CompilerThread0" daemon [_thread_in_native, id=1468, stack(0x0000000016e20000,0x0000000016f20000)]
  0x00000000157cf800 JavaThread "Attach Listener" daemon [_thread_blocked, id=13456, stack(0x0000000016d20000,0x0000000016e20000)]
  0x00000000157ce800 JavaThread "Signal Dispatcher" daemon [_thread_blocked, id=13436, stack(0x0000000016c20000,0x0000000016d20000)]
  0x00000000030fd000 JavaThread "Finalizer" daemon [_thread_blocked, id=10324, stack(0x0000000016a30000,0x0000000016b30000)]
  0x0000000015799000 JavaThread "Reference Handler" daemon [_thread_blocked, id=13484, stack(0x0000000016930000,0x0000000016a30000)]
  0x000000000156e000 JavaThread "main" [_thread_blocked, id=6040, stack(0x0000000002f00000,0x0000000003000000)]

Other Threads:
  0x0000000015797800 VMThread [stack: 0x0000000016830000,0x0000000016930000] [id=9048]
  0x0000000017163800 WatcherThread [stack: 0x0000000017620000,0x0000000017720000] [id=13828]

VM state:not at safepoint (normal execution)

VM Mutex/Monitor currently owned by a thread: None

Heap:
 PSYoungGen      total 86528K, used 45486K [0x00000000eab00000, 0x00000000f0d00000, 0x0000000100000000)
  eden space 76800K, 59% used [0x00000000eab00000,0x00000000ed76bbb0,0x00000000ef600000)
  from space 9728K, 0% used [0x00000000ef880000,0x00000000ef880000,0x00000000f0200000)
  to   space 11264K, 0% used [0x00000000f0200000,0x00000000f0200000,0x00000000f0d00000)
 ParOldGen       total 93696K, used 41850K [0x00000000c0000000, 0x00000000c5b80000, 0x00000000eab00000)
  object space 93696K, 44% used [0x00000000c0000000,0x00000000c28debd8,0x00000000c5b80000)
 Metaspace       used 57532K, capacity 59544K, committed 59672K, reserved 1099776K
  class space    used 7912K, capacity 8432K, committed 8496K, reserved 1048576K

Card table byte_map: [0x00000000124c0000,0x00000000126d0000] byte_map_base: 0x0000000011ec0000

Marking Bits: (ParMarkBitMap*) 0x0000000069ccd850
 Begin Bits: [0x0000000012c30000, 0x0000000013c30000)
 End Bits:   [0x0000000013c30000, 0x0000000014c30000)

Polling page: 0x0000000001600000

CodeCache: size=245760Kb used=24374Kb max_used=24374Kb free=221385Kb
 bounds [0x0000000003100000, 0x00000000048f0000, 0x0000000012100000]
 total_blobs=8159 nmethods=7352 adapters=718
 compilation: enabled

Compilation events (10 events):
Event: 77.756 Thread 0x00000000157d7000 8226       3       org.gradle.api.internal.artifacts.ivyservice.resolveengine.graph.CompositeDependencyArtifactsVisitor::visitNode (40 bytes)
Event: 77.757 Thread 0x00000000157d7000 nmethod 8226 0x00000000048e59d0 code [0x00000000048e5b80, 0x00000000048e6198]
Event: 77.757 Thread 0x00000000157d7000 8227       3       org.gradle.api.internal.artifacts.ivyservice.resolveengine.result.ComponentSelectionReasonSerializer::write (60 bytes)
Event: 77.758 Thread 0x00000000157d7000 nmethod 8227 0x00000000048e3ed0 code [0x00000000048e4140, 0x00000000048e51c8]
Event: 77.758 Thread 0x00000000157d7000 8229       3       org.gradle.api.internal.artifacts.ivyservice.resolveengine.artifact.DefaultResolvedArtifactsBuilder::visitArtifacts (116 bytes)
Event: 77.759 Thread 0x00000000157d7000 nmethod 8229 0x00000000048e7f10 code [0x00000000048e81a0, 0x00000000048e95e8]
Event: 77.759 Thread 0x00000000157d7000 8228       3       org.gradle.api.internal.artifacts.ivyservice.resolveengine.graph.DependencyGraphBuilder$NodeState::getOutgoingFileEdges (66 bytes)
Event: 77.759 Thread 0x00000000157d7000 nmethod 8228 0x00000000048e2c90 code [0x00000000048e2ea0, 0x00000000048e3af8]
Event: 77.759 Thread 0x00000000157d7000 8230       3       org.gradle.internal.component.external.model.DefaultMavenModuleResolveMetadata::withSource (6 bytes)
Event: 77.760 Thread 0x00000000157d7000 nmethod 8230 0x00000000048e9f10 code [0x00000000048ea080, 0x00000000048ea3c8]

GC Heap History (10 events):
Event: 42.317 GC heap before
{Heap before GC invocations=16 (full 2):
 PSYoungGen      total 51712K, used 46298K [0x00000000eab00000, 0x00000000ef800000, 0x0000000100000000)
  eden space 41984K, 100% used [0x00000000eab00000,0x00000000ed400000,0x00000000ed400000)
  from space 9728K, 44% used [0x00000000ed400000,0x00000000ed836a00,0x00000000edd80000)
  to   space 9728K, 0% used [0x00000000eee80000,0x00000000eee80000,0x00000000ef800000)
 ParOldGen       total 52736K, used 23015K [0x00000000c0000000, 0x00000000c3380000, 0x00000000eab00000)
  object space 52736K, 43% used [0x00000000c0000000,0x00000000c1679c40,0x00000000c3380000)
 Metaspace       used 45815K, capacity 46634K, committed 46760K, reserved 1089536K
  class space    used 6307K, capacity 6571K, committed 6576K, reserved 1048576K
Event: 42.326 GC heap after
Heap after GC invocations=16 (full 2):
 PSYoungGen      total 68096K, used 2415K [0x00000000eab00000, 0x00000000ef780000, 0x0000000100000000)
  eden space 58880K, 0% used [0x00000000eab00000,0x00000000eab00000,0x00000000ee480000)
  from space 9216K, 26% used [0x00000000eee80000,0x00000000ef0dbfd0,0x00000000ef780000)
  to   space 9728K, 0% used [0x00000000ee480000,0x00000000ee480000,0x00000000eee00000)
 ParOldGen       total 52736K, used 25735K [0x00000000c0000000, 0x00000000c3380000, 0x00000000eab00000)
  object space 52736K, 48% used [0x00000000c0000000,0x00000000c1921c88,0x00000000c3380000)
 Metaspace       used 45815K, capacity 46634K, committed 46760K, reserved 1089536K
  class space    used 6307K, capacity 6571K, committed 6576K, reserved 1048576K
}
Event: 45.095 GC heap before
{Heap before GC invocations=17 (full 2):
 PSYoungGen      total 68096K, used 61295K [0x00000000eab00000, 0x00000000ef780000, 0x0000000100000000)
  eden space 58880K, 100% used [0x00000000eab00000,0x00000000ee480000,0x00000000ee480000)
  from space 9216K, 26% used [0x00000000eee80000,0x00000000ef0dbfd0,0x00000000ef780000)
  to   space 9728K, 0% used [0x00000000ee480000,0x00000000ee480000,0x00000000eee00000)
 ParOldGen       total 52736K, used 25735K [0x00000000c0000000, 0x00000000c3380000, 0x00000000eab00000)
  object space 52736K, 48% used [0x00000000c0000000,0x00000000c1921c88,0x00000000c3380000)
 Metaspace       used 50429K, capacity 51752K, committed 51880K, reserved 1093632K
  class space    used 7019K, capacity 7334K, committed 7344K, reserved 1048576K
Event: 45.107 GC heap after
Heap after GC invocations=17 (full 2):
 PSYoungGen      total 68608K, used 6817K [0x00000000eab00000, 0x00000000f0e00000, 0x0000000100000000)
  eden space 58880K, 0% used [0x00000000eab00000,0x00000000eab00000,0x00000000ee480000)
  from space 9728K, 70% used [0x00000000ee480000,0x00000000eeb284c8,0x00000000eee00000)
  to   space 10240K, 0% used [0x00000000f0400000,0x00000000f0400000,0x00000000f0e00000)
 ParOldGen       total 52736K, used 26112K [0x00000000c0000000, 0x00000000c3380000, 0x00000000eab00000)
  object space 52736K, 49% used [0x00000000c0000000,0x00000000c1980128,0x00000000c3380000)
 Metaspace       used 50429K, capacity 51752K, committed 51880K, reserved 1093632K
  class space    used 7019K, capacity 7334K, committed 7344K, reserved 1048576K
}
Event: 53.266 GC heap before
{Heap before GC invocations=18 (full 2):
 PSYoungGen      total 68608K, used 65697K [0x00000000eab00000, 0x00000000f0e00000, 0x0000000100000000)
  eden space 58880K, 100% used [0x00000000eab00000,0x00000000ee480000,0x00000000ee480000)
  from space 9728K, 70% used [0x00000000ee480000,0x00000000eeb284c8,0x00000000eee00000)
  to   space 10240K, 0% used [0x00000000f0400000,0x00000000f0400000,0x00000000f0e00000)
 ParOldGen       total 52736K, used 26112K [0x00000000c0000000, 0x00000000c3380000, 0x00000000eab00000)
  object space 52736K, 49% used [0x00000000c0000000,0x00000000c1980128,0x00000000c3380000)
 Metaspace       used 54246K, capacity 55854K, committed 56104K, reserved 1097728K
  class space    used 7506K, capacity 7909K, committed 7984K, reserved 1048576K
Event: 53.281 GC heap after
Heap after GC invocations=18 (full 2):
 PSYoungGen      total 89088K, used 8382K [0x00000000eab00000, 0x00000000f0d80000, 0x0000000100000000)
  eden space 79360K, 0% used [0x00000000eab00000,0x00000000eab00000,0x00000000ef880000)
  from space 9728K, 86% used [0x00000000f0400000,0x00000000f0c2f9a0,0x00000000f0d80000)
  to   space 10752K, 0% used [0x00000000ef880000,0x00000000ef880000,0x00000000f0300000)
 ParOldGen       total 52736K, used 30213K [0x00000000c0000000, 0x00000000c3380000, 0x00000000eab00000)
  object space 52736K, 57% used [0x00000000c0000000,0x00000000c1d815e8,0x00000000c3380000)
 Metaspace       used 54246K, capacity 55854K, committed 56104K, reserved 1097728K
  class space    used 7506K, capacity 7909K, committed 7984K, reserved 1048576K
}
Event: 63.838 GC heap before
{Heap before GC invocations=19 (full 2):
 PSYoungGen      total 89088K, used 66198K [0x00000000eab00000, 0x00000000f0d80000, 0x0000000100000000)
  eden space 79360K, 72% used [0x00000000eab00000,0x00000000ee3761f8,0x00000000ef880000)
  from space 9728K, 86% used [0x00000000f0400000,0x00000000f0c2f9a0,0x00000000f0d80000)
  to   space 10752K, 0% used [0x00000000ef880000,0x00000000ef880000,0x00000000f0300000)
 ParOldGen       total 52736K, used 30213K [0x00000000c0000000, 0x00000000c3380000, 0x00000000eab00000)
  object space 52736K, 57% used [0x00000000c0000000,0x00000000c1d815e8,0x00000000c3380000)
 Metaspace       used 57013K, capacity 58986K, committed 59160K, reserved 1099776K
  class space    used 7876K, capacity 8397K, committed 8496K, reserved 1048576K
Event: 63.857 GC heap after
Heap after GC invocations=19 (full 2):
 PSYoungGen      total 86528K, used 9430K [0x00000000eab00000, 0x00000000f0d00000, 0x0000000100000000)
  eden space 76800K, 0% used [0x00000000eab00000,0x00000000eab00000,0x00000000ef600000)
  from space 9728K, 96% used [0x00000000ef880000,0x00000000f01b5930,0x00000000f0200000)
  to   space 11264K, 0% used [0x00000000f0200000,0x00000000f0200000,0x00000000f0d00000)
 ParOldGen       total 52736K, used 35456K [0x00000000c0000000, 0x00000000c3380000, 0x00000000eab00000)
  object space 52736K, 67% used [0x00000000c0000000,0x00000000c22a03b8,0x00000000c3380000)
 Metaspace       used 57013K, capacity 58986K, committed 59160K, reserved 1099776K
  class space    used 7876K, capacity 8397K, committed 8496K, reserved 1048576K
}
Event: 63.857 GC heap before
{Heap before GC invocations=20 (full 3):
 PSYoungGen      total 86528K, used 9430K [0x00000000eab00000, 0x00000000f0d00000, 0x0000000100000000)
  eden space 76800K, 0% used [0x00000000eab00000,0x00000000eab00000,0x00000000ef600000)
  from space 9728K, 96% used [0x00000000ef880000,0x00000000f01b5930,0x00000000f0200000)
  to   space 11264K, 0% used [0x00000000f0200000,0x00000000f0200000,0x00000000f0d00000)
 ParOldGen       total 52736K, used 35456K [0x00000000c0000000, 0x00000000c3380000, 0x00000000eab00000)
  object space 52736K, 67% used [0x00000000c0000000,0x00000000c22a03b8,0x00000000c3380000)
 Metaspace       used 57013K, capacity 58986K, committed 59160K, reserved 1099776K
  class space    used 7876K, capacity 8397K, committed 8496K, reserved 1048576K
Event: 64.245 GC heap after
Heap after GC invocations=20 (full 3):
 PSYoungGen      total 86528K, used 0K [0x00000000eab00000, 0x00000000f0d00000, 0x0000000100000000)
  eden space 76800K, 0% used [0x00000000eab00000,0x00000000eab00000,0x00000000ef600000)
  from space 9728K, 0% used [0x00000000ef880000,0x00000000ef880000,0x00000000f0200000)
  to   space 11264K, 0% used [0x00000000f0200000,0x00000000f0200000,0x00000000f0d00000)
 ParOldGen       total 93696K, used 41850K [0x00000000c0000000, 0x00000000c5b80000, 0x00000000eab00000)
  object space 93696K, 44% used [0x00000000c0000000,0x00000000c28debd8,0x00000000c5b80000)
 Metaspace       used 57013K, capacity 58986K, committed 59160K, reserved 1099776K
  class space    used 7876K, capacity 8397K, committed 8496K, reserved 1048576K
}

Deoptimization events (10 events):
Event: 64.497 Thread 0x0000000018380000 Uncommon trap: reason=predicate action=maybe_recompile pc=0x000000000458bfc4 method=java.util.LinkedList.remove(Ljava/lang/Object;)Z @ 48
Event: 64.749 Thread 0x0000000018380000 Uncommon trap: reason=class_check action=maybe_recompile pc=0x00000000035c6738 method=java.util.zip.InflaterInputStream.read([BII)I @ 100
Event: 65.005 Thread 0x0000000018380000 Uncommon trap: reason=class_check action=maybe_recompile pc=0x00000000035c6738 method=java.util.zip.InflaterInputStream.read([BII)I @ 100
Event: 67.260 Thread 0x0000000018380000 Uncommon trap: reason=class_check action=maybe_recompile pc=0x00000000046c274c method=com.google.common.collect.AbstractMapBasedMultimap.wrapCollection(Ljava/lang/Object;Ljava/util/Collection;)Ljava/util/Collection; @ 44
Event: 67.260 Thread 0x0000000018380000 Uncommon trap: reason=class_check action=maybe_recompile pc=0x00000000046c274c method=com.google.common.collect.AbstractMapBasedMultimap.wrapCollection(Ljava/lang/Object;Ljava/util/Collection;)Ljava/util/Collection; @ 44
Event: 67.260 Thread 0x0000000018380000 Uncommon trap: reason=class_check action=maybe_recompile pc=0x00000000046c274c method=com.google.common.collect.AbstractMapBasedMultimap.wrapCollection(Ljava/lang/Object;Ljava/util/Collection;)Ljava/util/Collection; @ 44
Event: 67.260 Thread 0x0000000018380000 Uncommon trap: reason=class_check action=maybe_recompile pc=0x00000000046c274c method=com.google.common.collect.AbstractMapBasedMultimap.wrapCollection(Ljava/lang/Object;Ljava/util/Collection;)Ljava/util/Collection; @ 44
Event: 67.297 Thread 0x0000000018380000 Uncommon trap: reason=bimorphic action=maybe_recompile pc=0x00000000042c73cc method=java.io.DataInputStream.readChar()C @ 4
Event: 76.390 Thread 0x000000001863f800 Uncommon trap: reason=unstable_if action=reinterpret pc=0x00000000048b75b0 method=java.util.concurrent.locks.ReentrantLock$FairSync.tryAcquire(I)Z @ 26
Event: 77.249 Thread 0x0000000018380000 Uncommon trap: reason=predicate action=maybe_recompile pc=0x000000000484a344 method=java.util.TimSort.binarySort([Ljava/lang/Object;IIILjava/util/Comparator;)V @ 37

Internal exceptions (10 events):
Event: 61.264 Thread 0x0000000018380000 Exception <a 'java/lang/ClassNotFoundException': com/android/build/gradle/internal/tasks/IncrementalTaskCustomizer> (0x00000000ec7e2a10) thrown at [C:\re\workspace\8-2-build-windows-amd64-cygwin\jdk8u144\9417\hotspot\src\share\vm\classfile\systemDictionar
Event: 61.265 Thread 0x0000000018380000 Exception <a 'java/lang/ClassNotFoundException': com/android/build/gradle/tasks/ProcessAndroidResourcesCustomizer> (0x00000000ec80c530) thrown at [C:\re\workspace\8-2-build-windows-amd64-cygwin\jdk8u144\9417\hotspot\src\share\vm\classfile\systemDictionary
Event: 61.266 Thread 0x0000000018380000 Exception <a 'java/lang/ClassNotFoundException': com/android/build/gradle/tasks/ProcessAndroidResources_DecoratedCustomizer> (0x00000000ec87f120) thrown at [C:\re\workspace\8-2-build-windows-amd64-cygwin\jdk8u144\9417\hotspot\src\share\vm\classfile\system
Event: 61.327 Thread 0x0000000018380000 Exception <a 'java/lang/ClassNotFoundException': org/gradle/platform/base/BinaryContainer_ImplBeanInfo> (0x00000000ecd160e8) thrown at [C:\re\workspace\8-2-build-windows-amd64-cygwin\jdk8u144\9417\hotspot\src\share\vm\classfile\systemDictionary.cpp, line 
Event: 61.328 Thread 0x0000000018380000 Exception <a 'java/lang/ClassNotFoundException': org/gradle/model/internal/core/NodeBackedModelMapBeanInfo> (0x00000000ecd286b8) thrown at [C:\re\workspace\8-2-build-windows-amd64-cygwin\jdk8u144\9417\hotspot\src\share\vm\classfile\systemDictionary.cpp, l
Event: 61.328 Thread 0x0000000018380000 Exception <a 'java/lang/ClassNotFoundException': org/gradle/model/internal/core/ModelMapGroovyViewBeanInfo> (0x00000000ecd3ac88) thrown at [C:\re\workspace\8-2-build-windows-amd64-cygwin\jdk8u144\9417\hotspot\src\share\vm\classfile\systemDictionary.cpp, l
Event: 61.328 Thread 0x0000000018380000 Exception <a 'java/lang/ClassNotFoundException': org/gradle/model/internal/core/ModelMapGroovyViewCustomizer> (0x00000000ecd4dda0) thrown at [C:\re\workspace\8-2-build-windows-amd64-cygwin\jdk8u144\9417\hotspot\src\share\vm\classfile\systemDictionary.cpp,
Event: 61.328 Thread 0x0000000018380000 Exception <a 'java/lang/ClassNotFoundException': org/gradle/model/internal/core/NodeBackedModelMapCustomizer> (0x00000000ecd74b38) thrown at [C:\re\workspace\8-2-build-windows-amd64-cygwin\jdk8u144\9417\hotspot\src\share\vm\classfile\systemDictionary.cpp,
Event: 61.330 Thread 0x0000000018380000 Exception <a 'java/lang/ClassNotFoundException': org/gradle/platform/base/BinaryContainer_ImplCustomizer> (0x00000000ecdd64d8) thrown at [C:\re\workspace\8-2-build-windows-amd64-cygwin\jdk8u144\9417\hotspot\src\share\vm\classfile\systemDictionary.cpp, lin
Event: 62.469 Thread 0x0000000018380000 Implicit null exception at 0x0000000003640ce2 to 0x0000000003641221

Events (10 events):
Event: 76.390 Thread 0x000000001863f800 DEOPT UNPACKING pc=0x000000000314582a sp=0x000000001f57d910 mode 2
Event: 77.249 Thread 0x0000000018380000 Uncommon trap: trap_request=0xffffff86 fr.pc=0x000000000484a344
Event: 77.249 Thread 0x0000000018380000 DEOPT PACKING pc=0x000000000484a344 sp=0x0000000019e5bf70
Event: 77.249 Thread 0x0000000018380000 DEOPT UNPACKING pc=0x000000000314582a sp=0x0000000019e5bf28 mode 2
Event: 77.608 Thread 0x0000000018380000 DEOPT PACKING pc=0x00000000047d3540 sp=0x0000000019e5a530
Event: 77.608 Thread 0x0000000018380000 DEOPT UNPACKING pc=0x000000000314787f sp=0x0000000019e5a428 mode 0
Event: 77.740 Thread 0x0000000018380000 DEOPT PACKING pc=0x00000000047dc946 sp=0x0000000019e5ab70
Event: 77.740 Thread 0x0000000018380000 DEOPT UNPACKING pc=0x000000000314787f sp=0x0000000019e5a990 mode 0
Event: 77.751 Thread 0x0000000018380000 DEOPT PACKING pc=0x00000000047d3540 sp=0x0000000019e5aaf0
Event: 77.751 Thread 0x0000000018380000 DEOPT UNPACKING pc=0x000000000314787f sp=0x0000000019e5a9e8 mode 0


Dynamic libraries:
0x00007ff7e76c0000 - 0x00007ff7e76f7000 	C:\Program Files\Java\jdk1.8.0_144\bin\java.exe
0x00007ff988780000 - 0x00007ff988952000 	C:\Windows\SYSTEM32\ntdll.dll
0x00007ff9876b0000 - 0x00007ff98775c000 	C:\Windows\System32\KERNEL32.DLL
0x00007ff984e90000 - 0x00007ff9850ad000 	C:\Windows\System32\KERNELBASE.dll
0x00007ff987df0000 - 0x00007ff987e92000 	C:\Windows\System32\ADVAPI32.dll
0x00007ff987910000 - 0x00007ff9879ae000 	C:\Windows\System32\msvcrt.dll
0x00007ff987d90000 - 0x00007ff987de9000 	C:\Windows\System32\sechost.dll
0x00007ff987a80000 - 0x00007ff987ba1000 	C:\Windows\System32\RPCRT4.dll
0x00007ff985d10000 - 0x00007ff985e75000 	C:\Windows\System32\USER32.dll
0x00007ff985960000 - 0x00007ff98597e000 	C:\Windows\System32\win32u.dll
0x00007ff987a20000 - 0x00007ff987a54000 	C:\Windows\System32\GDI32.dll
0x00007ff985b90000 - 0x00007ff985d10000 	C:\Windows\System32\gdi32full.dll
0x00007ff979fd0000 - 0x00007ff97a24a000 	C:\Windows\WinSxS\amd64_microsoft.windows.common-controls_6595b64144ccf1df_6.0.14393.953_none_42151e83c686086b\COMCTL32.dll
0x00007ff987ec0000 - 0x00007ff988188000 	C:\Windows\System32\combase.dll
0x00007ff985980000 - 0x00007ff985a75000 	C:\Windows\System32\ucrtbase.dll
0x00007ff985b20000 - 0x00007ff985b8a000 	C:\Windows\System32\bcryptPrimitives.dll
0x00007ff987450000 - 0x00007ff98747e000 	C:\Windows\System32\IMM32.DLL
0x0000000069d50000 - 0x0000000069e22000 	C:\Program Files\Java\jdk1.8.0_144\jre\bin\msvcr100.dll
0x00000000694b0000 - 0x0000000069d4d000 	C:\Program Files\Java\jdk1.8.0_144\jre\bin\server\jvm.dll
0x00007ff987900000 - 0x00007ff987908000 	C:\Windows\System32\PSAPI.DLL
0x00007ff9709a0000 - 0x00007ff9709a9000 	C:\Windows\SYSTEM32\WSOCK32.dll
0x00007ff983070000 - 0x00007ff983093000 	C:\Windows\SYSTEM32\WINMM.dll
0x00007ff977150000 - 0x00007ff97715a000 	C:\Windows\SYSTEM32\VERSION.dll
0x00007ff9879b0000 - 0x00007ff987a1a000 	C:\Windows\System32\WS2_32.dll
0x00000000015d0000 - 0x00000000015fb000 	C:\Windows\SYSTEM32\WINMMBASE.dll
0x00007ff984e40000 - 0x00007ff984e82000 	C:\Windows\System32\cfgmgr32.dll
0x000000006b810000 - 0x000000006b81f000 	C:\Program Files\Java\jdk1.8.0_144\jre\bin\verify.dll
0x0000000069480000 - 0x00000000694a9000 	C:\Program Files\Java\jdk1.8.0_144\jre\bin\java.dll
0x0000000069460000 - 0x0000000069476000 	C:\Program Files\Java\jdk1.8.0_144\jre\bin\zip.dll
0x00007ff985ee0000 - 0x00007ff9873e8000 	C:\Windows\System32\SHELL32.dll
0x00007ff9850b0000 - 0x00007ff98578a000 	C:\Windows\System32\windows.storage.dll
0x00007ff984c20000 - 0x00007ff984c6c000 	C:\Windows\System32\powrprof.dll
0x00007ff9873f0000 - 0x00007ff987442000 	C:\Windows\System32\shlwapi.dll
0x00007ff984c10000 - 0x00007ff984c1f000 	C:\Windows\System32\kernel.appcore.dll
0x00007ff984c80000 - 0x00007ff984d29000 	C:\Windows\System32\shcore.dll
0x00007ff984bf0000 - 0x00007ff984c04000 	C:\Windows\System32\profapi.dll
0x0000000069440000 - 0x000000006945a000 	C:\Program Files\Java\jdk1.8.0_144\jre\bin\net.dll
0x00007ff984520000 - 0x00007ff98457c000 	C:\Windows\system32\mswsock.dll
0x0000000069420000 - 0x0000000069431000 	C:\Program Files\Java\jdk1.8.0_144\jre\bin\nio.dll
0x00007ff978a30000 - 0x00007ff978a4e000 	C:\Users\PC\.gradle\native\25\windows-amd64\native-platform.dll
0x0000000069410000 - 0x000000006941d000 	C:\Program Files\Java\jdk1.8.0_144\jre\bin\management.dll
0x00007ff9846c0000 - 0x00007ff9846d7000 	C:\Windows\SYSTEM32\CRYPTSP.dll
0x00007ff984120000 - 0x00007ff984153000 	C:\Windows\system32\rsaenh.dll
0x00007ff9847d0000 - 0x00007ff9847fb000 	C:\Windows\SYSTEM32\bcrypt.dll
0x00007ff9842e0000 - 0x00007ff9842ff000 	C:\Windows\SYSTEM32\USERENV.dll
0x00007ff9846e0000 - 0x00007ff9846eb000 	C:\Windows\SYSTEM32\CRYPTBASE.dll
0x00007ff9842a0000 - 0x00007ff9842d8000 	C:\Windows\SYSTEM32\IPHLPAPI.DLL
0x00007ff987ea0000 - 0x00007ff987ea8000 	C:\Windows\System32\NSI.dll
0x00007ff97ecf0000 - 0x00007ff97ed06000 	C:\Windows\SYSTEM32\dhcpcsvc6.DLL
0x00007ff97ecc0000 - 0x00007ff97ecda000 	C:\Windows\SYSTEM32\dhcpcsvc.DLL
0x00000000693e0000 - 0x0000000069404000 	C:\Program Files\Java\jdk1.8.0_144\jre\bin\sunec.dll
0x00007ff984300000 - 0x00007ff9843a1000 	C:\Windows\SYSTEM32\DNSAPI.dll
0x00007ff97cf10000 - 0x00007ff97cf1a000 	C:\Windows\System32\rasadhlp.dll
0x00007ff97d050000 - 0x00007ff97d0ba000 	C:\Windows\System32\fwpuclnt.dll
0x00000000693d0000 - 0x00000000693db000 	C:\Program Files\Java\jdk1.8.0_144\jre\bin\sunmscapi.dll
0x00007ff985790000 - 0x00007ff985959000 	C:\Windows\System32\CRYPT32.dll
0x00007ff984c70000 - 0x00007ff984c80000 	C:\Windows\System32\MSASN1.dll

VM Arguments:
jvm_args: -XX:+HeapDumpOnOutOfMemoryError -Xmx1024m -Dfile.encoding=windows-1252 -Duser.country=US -Duser.language=en -Duser.variant 
java_command: org.gradle.launcher.daemon.bootstrap.GradleDaemon 4.1
java_class_path (initial): C:\Users\PC\.gradle\wrapper\dists\gradle-4.1-all\bzyivzo6n839fup2jbap0tjew\gradle-4.1\lib\gradle-launcher-4.1.jar
Launcher Type: SUN_STANDARD

Environment Variables:
JAVA_HOME=C:\Program Files\Java\jdk1.8.0_144
CLASSPATH=D:\6_Project\MovieStar\android\\gradle\wrapper\gradle-wrapper.jar
PATH=C:\Program Files\Java\jdk1.8.0_144\bin;C:\ProgramData\Oracle\Java\javapath;C:\Windows\system32;C:\Windows;C:\Windows\System32\Wbem;C:\Windows\System32\WindowsPowerShell\v1.0\;C:\Program Files\Microsoft SQL Server\Client SDK\ODBC\130\Tools\Binn\;C:\Program Files (x86)\Microsoft SQL Server\130\Tools\Binn\;C:\Program Files\Microsoft SQL Server\130\Tools\Binn\;C:\Program Files\Microsoft SQL Server\130\DTS\Binn\;C:\Program Files (x86)\Microsoft SQL Server\Client SDK\ODBC\130\Tools\Binn\;C:\Program Files (x86)\Microsoft SQL Server\140\Tools\Binn\;C:\Program Files (x86)\Microsoft SQL Server\140\DTS\Binn\;C:\Program Files (x86)\Microsoft SQL Server\140\Tools\Binn\ManagementStudio\;C:\xampp\php;C:\composer;C:\Program Files\dotnet\;C:\Program Files (x86)\Skype\Phone\;C:\Program Files\nodejs\;C:\Program Files\MySQL\MySQL Utilities 1.6\;C:\Program Files (x86)\GtkSharp\2.12\bin;C:\Program Files\Git\cmd;C:\Users\PC\AppData\Local\Microsoft\WindowsApps;C:\Users\PC\AppData\Roaming\Composer\vendor\bin;C:\Users\PC\AppData\Local\GitHubDesktop\bin;C:\Program Files\Heroku\bin;C:\Users\PC\AppData\Roaming\npm;D:\5_SoftSetup\VisualStudioCode\Microsoft VS Code\bin
USERNAME=PC
OS=Windows_NT
PROCESSOR_IDENTIFIER=Intel64 Family 6 Model 142 Stepping 9, GenuineIntel



---------------  S Y S T E M  ---------------

OS: Windows 10.0 , 64 bit Build 14393 (10.0.14393.1198)

CPU:total 4 (initial active 4) (2 cores per cpu, 2 threads per core) family 6 model 142 stepping 9, cmov, cx8, fxsr, mmx, sse, sse2, sse3, ssse3, sse4.1, sse4.2, popcnt, avx, avx2, aes, clmul, erms, 3dnowpref, lzcnt, ht, tsc, tscinvbit, bmi1, bmi2, adx

Memory: 4k page, physical 8284804k(1108728k free), swap 12479104k(10304k free)

vm_info: Java HotSpot(TM) 64-Bit Server VM (25.144-b01) for windows-amd64 JRE (1.8.0_144-b01), built on Jul 21 2017 21:57:33 by "java_re" with MS VC++ 10.0 (VS2010)

time: Sun Feb 18 12:41:34 2018
elapsed time: 78 seconds (0d 0h 1m 18s)

