#
# There is insufficient memory for the Java Runtime Environment to continue.
# Native memory allocation (malloc) failed to allocate 1048576 bytes for AllocateHeap
# Possible reasons:
#   The system is out of physical RAM or swap space
#   In 32 bit mode, the process size limit was hit
# Possible solutions:
#   Reduce memory load on the system
#   Increase physical memory or swap space
#   Check if swap backing store is full
#   Use 64 bit Java on a 64 bit OS
#   Decrease Java heap size (-Xmx/-Xms)
#   Decrease number of Java threads
#   Decrease Java thread stack sizes (-Xss)
#   Set larger code cache with -XX:ReservedCodeCacheSize=
# This output file may be truncated or incomplete.
#
#  Out of Memory Error (memory/allocation.inline.hpp:61), pid=2540, tid=0x0000000000001640
#
# JRE version:  (8.0_144-b01) (build )
# Java VM: Java HotSpot(TM) 64-Bit Server VM (25.144-b01 mixed mode windows-amd64 compressed oops)
# Failed to write core dump. Minidumps are not enabled by default on client versions of Windows
#

---------------  T H R E A D  ---------------

Current thread (0x0000000002a5e000):  JavaThread "Unknown thread" [_thread_in_vm, id=5696, stack(0x00000000028d0000,0x00000000029d0000)]

Stack: [0x00000000028d0000,0x00000000029d0000]
[error occurred during error reporting (printing stack bounds), id 0xc0000005]

Native frames: (J=compiled Java code, j=interpreted, Vv=VM code, C=native code)


---------------  P R O C E S S  ---------------

Java Threads: ( => current thread )

Other Threads:

=>0x0000000002a5e000 (exited) JavaThread "Unknown thread" [_thread_in_vm, id=5696, stack(0x00000000028d0000,0x00000000029d0000)]

VM state:not at safepoint (normal execution)

VM Mutex/Monitor currently owned by a thread: None

Heap:
 PSYoungGen      total 38400K, used 665K [0x00000000d5d80000, 0x00000000d8800000, 0x0000000100000000)
  eden space 33280K, 2% used [0x00000000d5d80000,0x00000000d5e26670,0x00000000d7e00000)
  from space 5120K, 0% used [0x00000000d8300000,0x00000000d8300000,0x00000000d8800000)
  to   space 5120K, 0% used [0x00000000d7e00000,0x00000000d7e00000,0x00000000d8300000)
 ParOldGen       total 87552K, used 0K [0x0000000081800000, 0x0000000086d80000, 0x00000000d5d80000)
  object space 87552K, 0% used [0x0000000081800000,0x0000000081800000,0x0000000086d80000)
 Metaspace       used 770K, capacity 4480K, committed 4480K, reserved 1056768K
  class space    used 75K, capacity 384K, committed 384K, reserved 1048576K

Card table byte_map: [0x0000000011f20000,0x0000000012320000] byte_map_base: 0x0000000011b14000

Marking Bits: (ParMarkBitMap*) 0x000000007362d850
 Begin Bits: [0x00000000129d0000, 0x0000000014970000)
 End Bits:   [0x0000000014970000, 0x0000000016910000)

Polling page: 0x0000000000ff0000

CodeCache: size=245760Kb used=328Kb max_used=328Kb free=245431Kb
 bounds [0x0000000002b60000, 0x0000000002dd0000, 0x0000000011b60000]
 total_blobs=58 nmethods=0 adapters=38
 compilation: enabled

Compilation events (0 events):
No events

GC Heap History (0 events):
No events

Deoptimization events (0 events):
No events

Internal exceptions (0 events):
No events

Events (10 events):
Event: 0.050 loading class java/lang/Short
Event: 0.050 loading class java/lang/Short done
Event: 0.050 loading class java/lang/Integer
Event: 0.051 loading class java/lang/Integer done
Event: 0.051 loading class java/lang/Long
Event: 0.051 loading class java/lang/Long done
Event: 0.051 loading class java/lang/NullPointerException
Event: 0.051 loading class java/lang/NullPointerException done
Event: 0.051 loading class java/lang/ArithmeticException
Event: 0.051 loading class java/lang/ArithmeticException done


Dynamic libraries:
0x00007ff65e200000 - 0x00007ff65e237000 	C:\Program Files\Java\jdk1.8.0_144\bin\java.exe
0x00007fff069e0000 - 0x00007fff06bb2000 	C:\Windows\SYSTEM32\ntdll.dll
0x00007fff04190000 - 0x00007fff0423c000 	C:\Windows\System32\KERNEL32.DLL
0x00007fff03300000 - 0x00007fff0351d000 	C:\Windows\System32\KERNELBASE.dll
0x00007fff05760000 - 0x00007fff05802000 	C:\Windows\System32\ADVAPI32.dll
0x00007fff05b60000 - 0x00007fff05bfe000 	C:\Windows\System32\msvcrt.dll
0x00007fff04130000 - 0x00007fff04189000 	C:\Windows\System32\sechost.dll
0x00007fff058d0000 - 0x00007fff059f1000 	C:\Windows\System32\RPCRT4.dll
0x00007fff06750000 - 0x00007fff068b5000 	C:\Windows\System32\USER32.dll
0x00007fff03760000 - 0x00007fff0377e000 	C:\Windows\System32\win32u.dll
0x00007fff061d0000 - 0x00007fff06204000 	C:\Windows\System32\GDI32.dll
0x00007fff02ee0000 - 0x00007fff03060000 	C:\Windows\System32\gdi32full.dll
0x00007ffef7700000 - 0x00007ffef797a000 	C:\Windows\WinSxS\amd64_microsoft.windows.common-controls_6595b64144ccf1df_6.0.14393.953_none_42151e83c686086b\COMCTL32.dll
0x00007fff062d0000 - 0x00007fff06598000 	C:\Windows\System32\combase.dll
0x00007fff03060000 - 0x00007fff03155000 	C:\Windows\System32\ucrtbase.dll
0x00007fff036f0000 - 0x00007fff0375a000 	C:\Windows\System32\bcryptPrimitives.dll
0x00007fff069b0000 - 0x00007fff069de000 	C:\Windows\System32\IMM32.DLL
0x00000000736b0000 - 0x0000000073782000 	C:\Program Files\Java\jdk1.8.0_144\jre\bin\msvcr100.dll
0x0000000072e10000 - 0x00000000736ad000 	C:\Program Files\Java\jdk1.8.0_144\jre\bin\server\jvm.dll
0x00007fff068d0000 - 0x00007fff068d8000 	C:\Windows\System32\PSAPI.DLL
0x00007ffef3380000 - 0x00007ffef3389000 	C:\Windows\SYSTEM32\WSOCK32.dll
0x00007fff066e0000 - 0x00007fff0674a000 	C:\Windows\System32\WS2_32.dll
0x00007fff00d20000 - 0x00007fff00d43000 	C:\Windows\SYSTEM32\WINMM.dll
0x00007ffef3350000 - 0x00007ffef335a000 	C:\Windows\SYSTEM32\VERSION.dll
0x0000000000fc0000 - 0x0000000000feb000 	C:\Windows\SYSTEM32\WINMMBASE.dll
0x00007fff03160000 - 0x00007fff031a2000 	C:\Windows\System32\cfgmgr32.dll
0x00000000752b0000 - 0x00000000752bf000 	C:\Program Files\Java\jdk1.8.0_144\jre\bin\verify.dll
0x0000000072de0000 - 0x0000000072e09000 	C:\Program Files\Java\jdk1.8.0_144\jre\bin\java.dll
0x0000000072dc0000 - 0x0000000072dd6000 	C:\Program Files\Java\jdk1.8.0_144\jre\bin\zip.dll

VM Arguments:
jvm_args: -Dorg.gradle.appname=gradlew 
java_command: org.gradle.wrapper.GradleWrapperMain installDebug
java_class_path (initial): D:\6_Project\MovieStar\android\\gradle\wrapper\gradle-wrapper.jar
Launcher Type: SUN_STANDARD

Environment Variables:
JAVA_HOME=C:\Program Files\Java\jdk1.8.0_144
CLASSPATH=D:\6_Project\MovieStar\android\\gradle\wrapper\gradle-wrapper.jar
PATH=C:\Program Files\Java\jdk1.8.0_144\bin;C:\ProgramData\Oracle\Java\javapath;C:\Windows\system32;C:\Windows;C:\Windows\System32\Wbem;C:\Windows\System32\WindowsPowerShell\v1.0\;C:\Program Files\Microsoft SQL Server\Client SDK\ODBC\130\Tools\Binn\;C:\Program Files (x86)\Microsoft SQL Server\130\Tools\Binn\;C:\Program Files\Microsoft SQL Server\130\Tools\Binn\;C:\Program Files\Microsoft SQL Server\130\DTS\Binn\;C:\Program Files (x86)\Microsoft SQL Server\Client SDK\ODBC\130\Tools\Binn\;C:\Program Files (x86)\Microsoft SQL Server\140\Tools\Binn\;C:\Program Files (x86)\Microsoft SQL Server\140\DTS\Binn\;C:\Program Files (x86)\Microsoft SQL Server\140\Tools\Binn\ManagementStudio\;C:\xampp\php;C:\composer;C:\Program Files\dotnet\;C:\Program Files (x86)\Skype\Phone\;C:\Program Files\nodejs\;C:\Program Files\MySQL\MySQL Utilities 1.6\;C:\Program Files (x86)\GtkSharp\2.12\bin;C:\Program Files\Git\cmd;C:\Users\PC\AppData\Local\Microsoft\WindowsApps;C:\Users\PC\AppData\Roaming\Composer\vendor\bin;C:\Users\PC\AppData\Local\GitHubDesktop\bin;C:\Program Files\Heroku\bin;C:\Users\PC\AppData\Roaming\npm;D:\5_SoftSetup\VisualStudioCode\Microsoft VS Code\bin
USERNAME=PC
OS=Windows_NT
PROCESSOR_IDENTIFIER=Intel64 Family 6 Model 142 Stepping 9, GenuineIntel



---------------  S Y S T E M  ---------------

OS: Windows 10.0 , 64 bit Build 14393 (10.0.14393.1198)

CPU:total 4 (initial active 4) (2 cores per cpu, 2 threads per core) family 6 model 142 stepping 9, cmov, cx8, fxsr, mmx, sse, sse2, sse3, ssse3, sse4.1, sse4.2, popcnt, avx, avx2, aes, clmul, erms, 3dnowpref, lzcnt, ht, tsc, tscinvbit, bmi1, bmi2, adx

Memory: 4k page, physical 8284804k(1439916k free), swap 12479108k(33920k free)

vm_info: Java HotSpot(TM) 64-Bit Server VM (25.144-b01) for windows-amd64 JRE (1.8.0_144-b01), built on Jul 21 2017 21:57:33 by "java_re" with MS VC++ 10.0 (VS2010)

time: Tue Jan 23 23:46:42 2018
elapsed time: 0 seconds (0d 0h 0m 0s)

