#
# There is insufficient memory for the Java Runtime Environment to continue.
# Native memory allocation (malloc) failed to allocate 1667216 bytes for Chunk::new
# Possible reasons:
#   The system is out of physical RAM or swap space
#   In 32 bit mode, the process size limit was hit
# Possible solutions:
#   Reduce memory load on the system
#   Increase physical memory or swap space
#   Check if swap backing store is full
#   Use 64 bit Java on a 64 bit OS
#   Decrease Java heap size (-Xmx/-Xms)
#   Decrease number of Java threads
#   Decrease Java thread stack sizes (-Xss)
#   Set larger code cache with -XX:ReservedCodeCacheSize=
# This output file may be truncated or incomplete.
#
#  Out of Memory Error (allocation.cpp:390), pid=10444, tid=0x00000000000004e8
#
# JRE version: Java(TM) SE Runtime Environment (8.0_144-b01) (build 1.8.0_144-b01)
# Java VM: Java HotSpot(TM) 64-Bit Server VM (25.144-b01 mixed mode windows-amd64 compressed oops)
# Failed to write core dump. Minidumps are not enabled by default on client versions of Windows
#

---------------  T H R E A D  ---------------

Current thread (0x00000000154f2800):  JavaThread "C2 CompilerThread1" daemon [_thread_in_native, id=1256, stack(0x0000000016c50000,0x0000000016d50000)]

Stack: [0x0000000016c50000,0x0000000016d50000]
[error occurred during error reporting (printing stack bounds), id 0xc0000005]

Native frames: (J=compiled Java code, j=interpreted, Vv=VM code, C=native code)


Current CompileTask:
C2:  62440 3404       4       java.lang.reflect.Method::toString (20 bytes)


---------------  P R O C E S S  ---------------

Java Threads: ( => current thread )
  0x000000001c263000 JavaThread "Memory manager" [_thread_blocked, id=9060, stack(0x000000001fd00000,0x000000001fe00000)]
  0x000000001c265800 JavaThread "pool-1-thread-1" [_thread_blocked, id=15452, stack(0x000000001fa00000,0x000000001fb00000)]
  0x00000000182ba000 JavaThread "build operations Thread 4" [_thread_blocked, id=15680, stack(0x000000001f500000,0x000000001f600000)]
  0x00000000182b9800 JavaThread "build operations Thread 3" [_thread_blocked, id=13856, stack(0x000000001f400000,0x000000001f500000)]
  0x00000000182b8800 JavaThread "build operations Thread 2" [_thread_blocked, id=8672, stack(0x000000001f300000,0x000000001f400000)]
  0x00000000182b8000 JavaThread "build operations" [_thread_blocked, id=1372, stack(0x000000001f200000,0x000000001f300000)]
  0x00000000182be800 JavaThread "Cache worker for Artifact transforms cache (C:\Users\PC\.gradle\caches\transforms-1)" [_thread_blocked, id=3136, stack(0x000000001f000000,0x000000001f100000)]
  0x00000000182bb800 JavaThread "Cache worker for file hash cache (D:\6_Project\MovieStar\android\.gradle\4.1\fileHashes)" [_thread_blocked, id=4280, stack(0x000000001b160000,0x000000001b260000)]
  0x00000000182bc800 JavaThread "File lock request listener" [_thread_in_native, id=13180, stack(0x0000000019e90000,0x0000000019f90000)]
  0x00000000182bb000 JavaThread "Cache worker for file hash cache (C:\Users\PC\.gradle\caches\4.1\fileHashes)" [_thread_blocked, id=15372, stack(0x0000000019d90000,0x0000000019e90000)]
  0x0000000016e8e000 JavaThread "Stdin handler" [_thread_blocked, id=12992, stack(0x0000000019c90000,0x0000000019d90000)]
  0x0000000018124000 JavaThread "Asynchronous log dispatcher for DefaultDaemonConnection: socket connection from /127.0.0.1:52806 to /127.0.0.1:52807" [_thread_blocked, id=13624, stack(0x0000000019b90000,0x0000000019c90000)]
  0x0000000018159800 JavaThread "Daemon worker" [_thread_in_native, id=2704, stack(0x0000000019a90000,0x0000000019b90000)]
  0x0000000018158000 JavaThread "Cancel handler" [_thread_blocked, id=10244, stack(0x0000000019990000,0x0000000019a90000)]
  0x00000000178be800 JavaThread "Handler for socket connection from /127.0.0.1:52806 to /127.0.0.1:52807" [_thread_in_native, id=5304, stack(0x0000000019690000,0x0000000019790000)]
  0x0000000017024800 JavaThread "Daemon" [_thread_blocked, id=10516, stack(0x0000000019590000,0x0000000019690000)]
  0x000000001803f800 JavaThread "Daemon periodic checks" [_thread_blocked, id=1900, stack(0x0000000019490000,0x0000000019590000)]
  0x0000000017ba5800 JavaThread "Incoming local TCP Connector on port 52806" [_thread_in_native, id=15136, stack(0x0000000019260000,0x0000000019360000)]
  0x0000000016f8c000 JavaThread "Daemon health stats" [_thread_blocked, id=15660, stack(0x0000000018c20000,0x0000000018d20000)]
  0x0000000016e76000 JavaThread "Service Thread" daemon [_thread_blocked, id=14080, stack(0x0000000017250000,0x0000000017350000)]
  0x0000000015514800 JavaThread "C1 CompilerThread2" daemon [_thread_blocked, id=8844, stack(0x0000000016d50000,0x0000000016e50000)]
=>0x00000000154f2800 JavaThread "C2 CompilerThread1" daemon [_thread_in_native, id=1256, stack(0x0000000016c50000,0x0000000016d50000)]
  0x00000000154ef800 JavaThread "C2 CompilerThread0" daemon [_thread_in_native, id=5944, stack(0x0000000016b50000,0x0000000016c50000)]
  0x00000000154ed800 JavaThread "Attach Listener" daemon [_thread_blocked, id=11748, stack(0x0000000016a50000,0x0000000016b50000)]
  0x00000000154ec000 JavaThread "Signal Dispatcher" daemon [_thread_blocked, id=8208, stack(0x0000000016950000,0x0000000016a50000)]
  0x00000000154da800 JavaThread "Finalizer" daemon [_thread_blocked, id=8896, stack(0x0000000016750000,0x0000000016850000)]
  0x00000000154b9000 JavaThread "Reference Handler" daemon [_thread_blocked, id=10032, stack(0x0000000016650000,0x0000000016750000)]
  0x0000000002afe000 JavaThread "main" [_thread_blocked, id=8532, stack(0x0000000002c00000,0x0000000002d00000)]

Other Threads:
  0x00000000154b7800 VMThread [stack: 0x0000000016550000,0x0000000016650000] [id=11080]
  0x0000000016e93800 WatcherThread [stack: 0x0000000017350000,0x0000000017450000] [id=6816]

VM state:not at safepoint (normal execution)

VM Mutex/Monitor currently owned by a thread: None

Heap:
 PSYoungGen      total 40448K, used 11625K [0x00000000eab00000, 0x00000000eeb80000, 0x0000000100000000)
  eden space 30208K, 32% used [0x00000000eab00000,0x00000000eb48c170,0x00000000ec880000)
  from space 10240K, 18% used [0x00000000ed300000,0x00000000ed4ce4c0,0x00000000edd00000)
  to   space 10752K, 0% used [0x00000000ec880000,0x00000000ec880000,0x00000000ed300000)
 ParOldGen       total 52736K, used 15221K [0x00000000c0000000, 0x00000000c3380000, 0x00000000eab00000)
  object space 52736K, 28% used [0x00000000c0000000,0x00000000c0edd748,0x00000000c3380000)
 Metaspace       used 36502K, capacity 37020K, committed 37288K, reserved 1081344K
  class space    used 5065K, capacity 5263K, committed 5296K, reserved 1048576K

Card table byte_map: [0x00000000121c0000,0x00000000123d0000] byte_map_base: 0x0000000011bc0000

Marking Bits: (ParMarkBitMap*) 0x0000000069ccd850
 Begin Bits: [0x0000000012930000, 0x0000000013930000)
 End Bits:   [0x0000000013930000, 0x0000000014930000)

Polling page: 0x0000000001310000

CodeCache: size=245760Kb used=11441Kb max_used=11441Kb free=234318Kb
 bounds [0x0000000002e00000, 0x0000000003940000, 0x0000000011e00000]
 total_blobs=4058 nmethods=3346 adapters=623
 compilation: enabled

Compilation events (10 events):
Event: 62.423 Thread 0x0000000015514800 3615       3       java.util.Vector::<init> (7 bytes)
Event: 62.423 Thread 0x0000000015514800 nmethod 3615 0x0000000003931d50 code [0x0000000003931ec0, 0x0000000003932048]
Event: 62.423 Thread 0x0000000015514800 3616  s    3       java.io.ByteArrayInputStream::reset (9 bytes)
Event: 62.424 Thread 0x0000000015514800 nmethod 3616 0x00000000039320d0 code [0x0000000003932220, 0x00000000039324d0]
Event: 62.425 Thread 0x0000000015514800 3618       3       java.util.Arrays::hashCode (44 bytes)
Event: 62.425 Thread 0x0000000015514800 nmethod 3618 0x0000000003932590 code [0x0000000003932700, 0x0000000003932950]
Event: 62.425 Thread 0x0000000015514800 3617       3       sun.security.util.ObjectIdentifier::hashCode (8 bytes)
Event: 62.425 Thread 0x0000000015514800 nmethod 3617 0x0000000003932a50 code [0x0000000003932bc0, 0x0000000003932d48]
Event: 62.426 Thread 0x0000000015514800 3619       3       java.lang.CharacterDataLatin1::isWhitespace (23 bytes)
Event: 62.427 Thread 0x0000000015514800 nmethod 3619 0x00000000039336d0 code [0x0000000003933840, 0x0000000003933a90]

GC Heap History (10 events):
Event: 54.268 GC heap before
{Heap before GC invocations=8 (full 1):
 PSYoungGen      total 41984K, used 36514K [0x00000000eab00000, 0x00000000edf80000, 0x0000000100000000)
  eden space 32256K, 100% used [0x00000000eab00000,0x00000000eca80000,0x00000000eca80000)
  from space 9728K, 43% used [0x00000000ed600000,0x00000000eda28a60,0x00000000edf80000)
  to   space 10752K, 0% used [0x00000000eca80000,0x00000000eca80000,0x00000000ed500000)
 ParOldGen       total 48128K, used 9249K [0x00000000c0000000, 0x00000000c2f00000, 0x00000000eab00000)
  object space 48128K, 19% used [0x00000000c0000000,0x00000000c09084a0,0x00000000c2f00000)
 Metaspace       used 28208K, capacity 28544K, committed 28720K, reserved 1073152K
  class space    used 4000K, capacity 4116K, committed 4144K, reserved 1048576K
Event: 54.274 GC heap after
Heap after GC invocations=8 (full 1):
 PSYoungGen      total 37376K, used 5604K [0x00000000eab00000, 0x00000000ede00000, 0x0000000100000000)
  eden space 31744K, 0% used [0x00000000eab00000,0x00000000eab00000,0x00000000eca00000)
  from space 5632K, 99% used [0x00000000eca80000,0x00000000ecff9258,0x00000000ed000000)
  to   space 10240K, 0% used [0x00000000ed400000,0x00000000ed400000,0x00000000ede00000)
 ParOldGen       total 48128K, used 9257K [0x00000000c0000000, 0x00000000c2f00000, 0x00000000eab00000)
  object space 48128K, 19% used [0x00000000c0000000,0x00000000c090a4a0,0x00000000c2f00000)
 Metaspace       used 28208K, capacity 28544K, committed 28720K, reserved 1073152K
  class space    used 4000K, capacity 4116K, committed 4144K, reserved 1048576K
}
Event: 60.525 GC heap before
{Heap before GC invocations=9 (full 1):
 PSYoungGen      total 37376K, used 37348K [0x00000000eab00000, 0x00000000ede00000, 0x0000000100000000)
  eden space 31744K, 100% used [0x00000000eab00000,0x00000000eca00000,0x00000000eca00000)
  from space 5632K, 99% used [0x00000000eca80000,0x00000000ecff9258,0x00000000ed000000)
  to   space 10240K, 0% used [0x00000000ed400000,0x00000000ed400000,0x00000000ede00000)
 ParOldGen       total 48128K, used 9257K [0x00000000c0000000, 0x00000000c2f00000, 0x00000000eab00000)
  object space 48128K, 19% used [0x00000000c0000000,0x00000000c090a4a0,0x00000000c2f00000)
 Metaspace       used 30453K, capacity 30906K, committed 31152K, reserved 1075200K
  class space    used 4297K, capacity 4501K, committed 4528K, reserved 1048576K
Event: 60.533 GC heap after
Heap after GC invocations=9 (full 1):
 PSYoungGen      total 41472K, used 7614K [0x00000000eab00000, 0x00000000ede80000, 0x0000000100000000)
  eden space 31232K, 0% used [0x00000000eab00000,0x00000000eab00000,0x00000000ec980000)
  from space 10240K, 74% used [0x00000000ed400000,0x00000000edb6faf0,0x00000000ede00000)
  to   space 10752K, 0% used [0x00000000ec980000,0x00000000ec980000,0x00000000ed400000)
 ParOldGen       total 48128K, used 9265K [0x00000000c0000000, 0x00000000c2f00000, 0x00000000eab00000)
  object space 48128K, 19% used [0x00000000c0000000,0x00000000c090c4a0,0x00000000c2f00000)
 Metaspace       used 30453K, capacity 30906K, committed 31152K, reserved 1075200K
  class space    used 4297K, capacity 4501K, committed 4528K, reserved 1048576K
}
Event: 61.733 GC heap before
{Heap before GC invocations=10 (full 1):
 PSYoungGen      total 41472K, used 30874K [0x00000000eab00000, 0x00000000ede80000, 0x0000000100000000)
  eden space 31232K, 74% used [0x00000000eab00000,0x00000000ec1b6df8,0x00000000ec980000)
  from space 10240K, 74% used [0x00000000ed400000,0x00000000edb6faf0,0x00000000ede00000)
  to   space 10752K, 0% used [0x00000000ec980000,0x00000000ec980000,0x00000000ed400000)
 ParOldGen       total 48128K, used 9265K [0x00000000c0000000, 0x00000000c2f00000, 0x00000000eab00000)
  object space 48128K, 19% used [0x00000000c0000000,0x00000000c090c4a0,0x00000000c2f00000)
 Metaspace       used 34760K, capacity 35318K, committed 35496K, reserved 1079296K
  class space    used 4858K, capacity 5038K, committed 5040K, reserved 1048576K
Event: 61.741 GC heap after
Heap after GC invocations=10 (full 1):
 PSYoungGen      total 37376K, used 6299K [0x00000000eab00000, 0x00000000edd00000, 0x0000000100000000)
  eden space 30720K, 0% used [0x00000000eab00000,0x00000000eab00000,0x00000000ec900000)
  from space 6656K, 94% used [0x00000000ec980000,0x00000000ecfa6ff0,0x00000000ed000000)
  to   space 10240K, 0% used [0x00000000ed300000,0x00000000ed300000,0x00000000edd00000)
 ParOldGen       total 48128K, used 11836K [0x00000000c0000000, 0x00000000c2f00000, 0x00000000eab00000)
  object space 48128K, 24% used [0x00000000c0000000,0x00000000c0b8f380,0x00000000c2f00000)
 Metaspace       used 34760K, capacity 35318K, committed 35496K, reserved 1079296K
  class space    used 4858K, capacity 5038K, committed 5040K, reserved 1048576K
}
Event: 61.741 GC heap before
{Heap before GC invocations=11 (full 2):
 PSYoungGen      total 37376K, used 6299K [0x00000000eab00000, 0x00000000edd00000, 0x0000000100000000)
  eden space 30720K, 0% used [0x00000000eab00000,0x00000000eab00000,0x00000000ec900000)
  from space 6656K, 94% used [0x00000000ec980000,0x00000000ecfa6ff0,0x00000000ed000000)
  to   space 10240K, 0% used [0x00000000ed300000,0x00000000ed300000,0x00000000edd00000)
 ParOldGen       total 48128K, used 11836K [0x00000000c0000000, 0x00000000c2f00000, 0x00000000eab00000)
  object space 48128K, 24% used [0x00000000c0000000,0x00000000c0b8f380,0x00000000c2f00000)
 Metaspace       used 34760K, capacity 35318K, committed 35496K, reserved 1079296K
  class space    used 4858K, capacity 5038K, committed 5040K, reserved 1048576K
Event: 61.838 GC heap after
Heap after GC invocations=11 (full 2):
 PSYoungGen      total 37376K, used 0K [0x00000000eab00000, 0x00000000edd00000, 0x0000000100000000)
  eden space 30720K, 0% used [0x00000000eab00000,0x00000000eab00000,0x00000000ec900000)
  from space 6656K, 0% used [0x00000000ec980000,0x00000000ec980000,0x00000000ed000000)
  to   space 10240K, 0% used [0x00000000ed300000,0x00000000ed300000,0x00000000edd00000)
 ParOldGen       total 52736K, used 15213K [0x00000000c0000000, 0x00000000c3380000, 0x00000000eab00000)
  object space 52736K, 28% used [0x00000000c0000000,0x00000000c0edb748,0x00000000c3380000)
 Metaspace       used 34760K, capacity 35318K, committed 35496K, reserved 1079296K
  class space    used 4858K, capacity 5038K, committed 5040K, reserved 1048576K
}
Event: 62.147 GC heap before
{Heap before GC invocations=12 (full 2):
 PSYoungGen      total 37376K, used 30720K [0x00000000eab00000, 0x00000000edd00000, 0x0000000100000000)
  eden space 30720K, 100% used [0x00000000eab00000,0x00000000ec900000,0x00000000ec900000)
  from space 6656K, 0% used [0x00000000ec980000,0x00000000ec980000,0x00000000ed000000)
  to   space 10240K, 0% used [0x00000000ed300000,0x00000000ed300000,0x00000000edd00000)
 ParOldGen       total 52736K, used 15213K [0x00000000c0000000, 0x00000000c3380000, 0x00000000eab00000)
  object space 52736K, 28% used [0x00000000c0000000,0x00000000c0edb748,0x00000000c3380000)
 Metaspace       used 35456K, capacity 35932K, committed 36136K, reserved 1081344K
  class space    used 4943K, capacity 5135K, committed 5168K, reserved 1048576K
Event: 62.163 GC heap after
Heap after GC invocations=12 (full 2):
 PSYoungGen      total 40448K, used 1849K [0x00000000eab00000, 0x00000000eeb80000, 0x0000000100000000)
  eden space 30208K, 0% used [0x00000000eab00000,0x00000000eab00000,0x00000000ec880000)
  from space 10240K, 18% used [0x00000000ed300000,0x00000000ed4ce4c0,0x00000000edd00000)
  to   space 10752K, 0% used [0x00000000ec880000,0x00000000ec880000,0x00000000ed300000)
 ParOldGen       total 52736K, used 15221K [0x00000000c0000000, 0x00000000c3380000, 0x00000000eab00000)
  object space 52736K, 28% used [0x00000000c0000000,0x00000000c0edd748,0x00000000c3380000)
 Metaspace       used 35456K, capacity 35932K, committed 36136K, reserved 1081344K
  class space    used 4943K, capacity 5135K, committed 5168K, reserved 1048576K
}

Deoptimization events (10 events):
Event: 61.970 Thread 0x0000000018159800 Uncommon trap: reason=unstable_if action=reinterpret pc=0x00000000035edba0 method=java.util.HashMap.putVal(ILjava/lang/Object;Ljava/lang/Object;ZZ)Ljava/lang/Object; @ 162
Event: 61.970 Thread 0x0000000018159800 Uncommon trap: reason=unstable_if action=reinterpret pc=0x00000000030ec598 method=java.util.HashMap.resize()[Ljava/util/HashMap$Node; @ 206
Event: 62.049 Thread 0x0000000018159800 Uncommon trap: reason=unstable_if action=reinterpret pc=0x000000000387abf4 method=java.lang.reflect.Modifier.toString(I)Ljava/lang/String; @ 123
Event: 62.049 Thread 0x0000000018159800 Uncommon trap: reason=unstable_if action=reinterpret pc=0x00000000038774e4 method=java.lang.reflect.Modifier.toString(I)Ljava/lang/String; @ 123
Event: 62.361 Thread 0x0000000018159800 Uncommon trap: reason=unstable_if action=reinterpret pc=0x000000000381ff00 method=java.lang.ThreadLocal.get()Ljava/lang/Object; @ 11
Event: 62.419 Thread 0x0000000018159800 Uncommon trap: reason=bimorphic action=maybe_recompile pc=0x00000000037ab778 method=java.util.Hashtable.get(Ljava/lang/Object;)Ljava/lang/Object; @ 6
Event: 62.421 Thread 0x0000000018159800 Uncommon trap: reason=bimorphic action=maybe_recompile pc=0x00000000037ab778 method=java.util.Hashtable.get(Ljava/lang/Object;)Ljava/lang/Object; @ 6
Event: 62.423 Thread 0x0000000018159800 Uncommon trap: reason=bimorphic action=maybe_recompile pc=0x00000000037ab778 method=java.util.Hashtable.get(Ljava/lang/Object;)Ljava/lang/Object; @ 6
Event: 62.423 Thread 0x0000000018159800 Uncommon trap: reason=bimorphic action=maybe_recompile pc=0x00000000037ab778 method=java.util.Hashtable.get(Ljava/lang/Object;)Ljava/lang/Object; @ 6
Event: 62.425 Thread 0x0000000018159800 Uncommon trap: reason=unstable_if action=reinterpret pc=0x0000000002f321bc method=java.lang.CharacterDataLatin1.isWhitespace(I)Z @ 14

Internal exceptions (10 events):
Event: 60.399 Thread 0x0000000018159800 Exception <a 'java/lang/ClassNotFoundException': groovy/util/AntBuilderBeanInfo> (0x00000000ec740660) thrown at [C:\re\workspace\8-2-build-windows-amd64-cygwin\jdk8u144\9417\hotspot\src\share\vm\classfile\systemDictionary.cpp, line 210]
Event: 60.400 Thread 0x0000000018159800 Exception <a 'java/lang/ClassNotFoundException': groovy/util/BuilderSupportBeanInfo> (0x00000000ec760c08) thrown at [C:\re\workspace\8-2-build-windows-amd64-cygwin\jdk8u144\9417\hotspot\src\share\vm\classfile\systemDictionary.cpp, line 210]
Event: 60.400 Thread 0x0000000018159800 Exception <a 'java/lang/ClassNotFoundException': groovy/util/BuilderSupportCustomizer> (0x00000000ec782fe8) thrown at [C:\re\workspace\8-2-build-windows-amd64-cygwin\jdk8u144\9417\hotspot\src\share\vm\classfile\systemDictionary.cpp, line 210]
Event: 60.401 Thread 0x0000000018159800 Exception <a 'java/lang/ClassNotFoundException': groovy/util/AntBuilderCustomizer> (0x00000000ec7a6200) thrown at [C:\re\workspace\8-2-build-windows-amd64-cygwin\jdk8u144\9417\hotspot\src\share\vm\classfile\systemDictionary.cpp, line 210]
Event: 60.403 Thread 0x0000000018159800 Exception <a 'java/lang/ClassNotFoundException': org/gradle/api/AntBuilderCustomizer> (0x00000000ec7ce5f0) thrown at [C:\re\workspace\8-2-build-windows-amd64-cygwin\jdk8u144\9417\hotspot\src\share\vm\classfile\systemDictionary.cpp, line 210]
Event: 60.422 Thread 0x0000000018159800 Exception <a 'java/lang/ClassNotFoundException': org/gradle/api/internal/project/ant/BasicAntBuilderCustomizer> (0x00000000ec80a980) thrown at [C:\re\workspace\8-2-build-windows-amd64-cygwin\jdk8u144\9417\hotspot\src\share\vm\classfile\systemDictionary.cp
Event: 60.427 Thread 0x0000000018159800 Exception <a 'java/lang/ClassNotFoundException': org/gradle/api/internal/project/DefaultAntBuilderCustomizer> (0x00000000ec84e078) thrown at [C:\re\workspace\8-2-build-windows-amd64-cygwin\jdk8u144\9417\hotspot\src\share\vm\classfile\systemDictionary.cpp,
Event: 60.913 Thread 0x0000000018159800 Exception <a 'sun/nio/fs/WindowsException'> (0x00000000eb2579a0) thrown at [C:\re\workspace\8-2-build-windows-amd64-cygwin\jdk8u144\9417\hotspot\src\share\vm\prims\jni.cpp, line 709]
Event: 61.533 Thread 0x0000000018159800 Exception <a 'sun/nio/fs/WindowsException'> (0x00000000ebbde178) thrown at [C:\re\workspace\8-2-build-windows-amd64-cygwin\jdk8u144\9417\hotspot\src\share\vm\prims\jni.cpp, line 709]
Event: 62.361 Thread 0x0000000018159800 Implicit null exception at 0x000000000381f9a8 to 0x000000000381fee9

Events (10 events):
Event: 62.426 loading class sun/text/normalizer/NormalizerBase$NFKCMode done
Event: 62.426 loading class sun/text/normalizer/NormalizerBase$QuickCheckResult
Event: 62.426 loading class sun/text/normalizer/NormalizerBase$QuickCheckResult done
Event: 62.426 loading class sun/text/normalizer/NormalizerBase$1
Event: 62.426 loading class sun/text/normalizer/NormalizerBase$1 done
Event: 62.427 loading class sun/security/util/KeyUtil
Event: 62.427 loading class sun/security/util/KeyUtil done
Event: 62.427 loading class sun/security/util/Length
Event: 62.427 loading class sun/security/util/Length done
Event: 62.427 loading class javax/crypto/SecretKey


Dynamic libraries:
0x00007ff7e76c0000 - 0x00007ff7e76f7000 	C:\Program Files\Java\jdk1.8.0_144\bin\java.exe
0x00007ff988780000 - 0x00007ff988952000 	C:\Windows\SYSTEM32\ntdll.dll
0x00007ff9876b0000 - 0x00007ff98775c000 	C:\Windows\System32\KERNEL32.DLL
0x00007ff984e90000 - 0x00007ff9850ad000 	C:\Windows\System32\KERNELBASE.dll
0x00007ff987df0000 - 0x00007ff987e92000 	C:\Windows\System32\ADVAPI32.dll
0x00007ff987910000 - 0x00007ff9879ae000 	C:\Windows\System32\msvcrt.dll
0x00007ff987d90000 - 0x00007ff987de9000 	C:\Windows\System32\sechost.dll
0x00007ff987a80000 - 0x00007ff987ba1000 	C:\Windows\System32\RPCRT4.dll
0x00007ff985d10000 - 0x00007ff985e75000 	C:\Windows\System32\USER32.dll
0x00007ff985960000 - 0x00007ff98597e000 	C:\Windows\System32\win32u.dll
0x00007ff987a20000 - 0x00007ff987a54000 	C:\Windows\System32\GDI32.dll
0x00007ff985b90000 - 0x00007ff985d10000 	C:\Windows\System32\gdi32full.dll
0x00007ff979fd0000 - 0x00007ff97a24a000 	C:\Windows\WinSxS\amd64_microsoft.windows.common-controls_6595b64144ccf1df_6.0.14393.953_none_42151e83c686086b\COMCTL32.dll
0x00007ff987ec0000 - 0x00007ff988188000 	C:\Windows\System32\combase.dll
0x00007ff985980000 - 0x00007ff985a75000 	C:\Windows\System32\ucrtbase.dll
0x00007ff985b20000 - 0x00007ff985b8a000 	C:\Windows\System32\bcryptPrimitives.dll
0x00007ff987450000 - 0x00007ff98747e000 	C:\Windows\System32\IMM32.DLL
0x0000000069d50000 - 0x0000000069e22000 	C:\Program Files\Java\jdk1.8.0_144\jre\bin\msvcr100.dll
0x00000000694b0000 - 0x0000000069d4d000 	C:\Program Files\Java\jdk1.8.0_144\jre\bin\server\jvm.dll
0x00007ff987900000 - 0x00007ff987908000 	C:\Windows\System32\PSAPI.DLL
0x00007ff9709a0000 - 0x00007ff9709a9000 	C:\Windows\SYSTEM32\WSOCK32.dll
0x00007ff983070000 - 0x00007ff983093000 	C:\Windows\SYSTEM32\WINMM.dll
0x00007ff977150000 - 0x00007ff97715a000 	C:\Windows\SYSTEM32\VERSION.dll
0x00007ff9879b0000 - 0x00007ff987a1a000 	C:\Windows\System32\WS2_32.dll
0x0000000002aa0000 - 0x0000000002acb000 	C:\Windows\SYSTEM32\WINMMBASE.dll
0x00007ff984e40000 - 0x00007ff984e82000 	C:\Windows\System32\cfgmgr32.dll
0x000000006aec0000 - 0x000000006aecf000 	C:\Program Files\Java\jdk1.8.0_144\jre\bin\verify.dll
0x0000000069480000 - 0x00000000694a9000 	C:\Program Files\Java\jdk1.8.0_144\jre\bin\java.dll
0x0000000069460000 - 0x0000000069476000 	C:\Program Files\Java\jdk1.8.0_144\jre\bin\zip.dll
0x00007ff985ee0000 - 0x00007ff9873e8000 	C:\Windows\System32\SHELL32.dll
0x00007ff9850b0000 - 0x00007ff98578a000 	C:\Windows\System32\windows.storage.dll
0x00007ff984c20000 - 0x00007ff984c6c000 	C:\Windows\System32\powrprof.dll
0x00007ff9873f0000 - 0x00007ff987442000 	C:\Windows\System32\shlwapi.dll
0x00007ff984c10000 - 0x00007ff984c1f000 	C:\Windows\System32\kernel.appcore.dll
0x00007ff984c80000 - 0x00007ff984d29000 	C:\Windows\System32\shcore.dll
0x00007ff984bf0000 - 0x00007ff984c04000 	C:\Windows\System32\profapi.dll
0x0000000069440000 - 0x000000006945a000 	C:\Program Files\Java\jdk1.8.0_144\jre\bin\net.dll
0x00007ff984520000 - 0x00007ff98457c000 	C:\Windows\system32\mswsock.dll
0x0000000069420000 - 0x0000000069431000 	C:\Program Files\Java\jdk1.8.0_144\jre\bin\nio.dll
0x00007ff978970000 - 0x00007ff97898e000 	C:\Users\PC\.gradle\native\25\windows-amd64\native-platform.dll
0x0000000069410000 - 0x000000006941d000 	C:\Program Files\Java\jdk1.8.0_144\jre\bin\management.dll
0x00007ff9846c0000 - 0x00007ff9846d7000 	C:\Windows\SYSTEM32\CRYPTSP.dll
0x00007ff984120000 - 0x00007ff984153000 	C:\Windows\system32\rsaenh.dll
0x00007ff9847d0000 - 0x00007ff9847fb000 	C:\Windows\SYSTEM32\bcrypt.dll
0x00007ff9842e0000 - 0x00007ff9842ff000 	C:\Windows\SYSTEM32\USERENV.dll
0x00007ff9846e0000 - 0x00007ff9846eb000 	C:\Windows\SYSTEM32\CRYPTBASE.dll
0x00007ff9842a0000 - 0x00007ff9842d8000 	C:\Windows\SYSTEM32\IPHLPAPI.DLL
0x00007ff987ea0000 - 0x00007ff987ea8000 	C:\Windows\System32\NSI.dll
0x00007ff97ecf0000 - 0x00007ff97ed06000 	C:\Windows\SYSTEM32\dhcpcsvc6.DLL
0x00007ff97ecc0000 - 0x00007ff97ecda000 	C:\Windows\SYSTEM32\dhcpcsvc.DLL

VM Arguments:
jvm_args: -XX:+HeapDumpOnOutOfMemoryError -Xmx1024m -Dfile.encoding=windows-1252 -Duser.country=US -Duser.language=en -Duser.variant 
java_command: org.gradle.launcher.daemon.bootstrap.GradleDaemon 4.1
java_class_path (initial): C:\Users\PC\.gradle\wrapper\dists\gradle-4.1-all\bzyivzo6n839fup2jbap0tjew\gradle-4.1\lib\gradle-launcher-4.1.jar
Launcher Type: SUN_STANDARD

Environment Variables:
JAVA_HOME=C:\Program Files\Java\jdk1.8.0_144
CLASSPATH=D:\6_Project\MovieStar\android\\gradle\wrapper\gradle-wrapper.jar
PATH=C:\Program Files\Java\jdk1.8.0_144\bin;C:\ProgramData\Oracle\Java\javapath;C:\Windows\system32;C:\Windows;C:\Windows\System32\Wbem;C:\Windows\System32\WindowsPowerShell\v1.0\;C:\Program Files\Microsoft SQL Server\Client SDK\ODBC\130\Tools\Binn\;C:\Program Files (x86)\Microsoft SQL Server\130\Tools\Binn\;C:\Program Files\Microsoft SQL Server\130\Tools\Binn\;C:\Program Files\Microsoft SQL Server\130\DTS\Binn\;C:\Program Files (x86)\Microsoft SQL Server\Client SDK\ODBC\130\Tools\Binn\;C:\Program Files (x86)\Microsoft SQL Server\140\Tools\Binn\;C:\Program Files (x86)\Microsoft SQL Server\140\DTS\Binn\;C:\Program Files (x86)\Microsoft SQL Server\140\Tools\Binn\ManagementStudio\;C:\xampp\php;C:\composer;C:\Program Files\dotnet\;C:\Program Files (x86)\Skype\Phone\;C:\Program Files\nodejs\;C:\Program Files\MySQL\MySQL Utilities 1.6\;C:\Program Files (x86)\GtkSharp\2.12\bin;C:\Program Files\Git\cmd;C:\Users\PC\AppData\Local\Microsoft\WindowsApps;C:\Users\PC\AppData\Roaming\Composer\vendor\bin;C:\Users\PC\AppData\Local\GitHubDesktop\bin;C:\Program Files\Heroku\bin;C:\Users\PC\AppData\Roaming\npm;D:\5_SoftSetup\VisualStudioCode\Microsoft VS Code\bin
USERNAME=PC
OS=Windows_NT
PROCESSOR_IDENTIFIER=Intel64 Family 6 Model 142 Stepping 9, GenuineIntel



---------------  S Y S T E M  ---------------

OS: Windows 10.0 , 64 bit Build 14393 (10.0.14393.1198)

CPU:total 4 (initial active 4) (2 cores per cpu, 2 threads per core) family 6 model 142 stepping 9, cmov, cx8, fxsr, mmx, sse, sse2, sse3, ssse3, sse4.1, sse4.2, popcnt, avx, avx2, aes, clmul, erms, 3dnowpref, lzcnt, ht, tsc, tscinvbit, bmi1, bmi2, adx

Memory: 4k page, physical 8284804k(850900k free), swap 12479108k(9072k free)

vm_info: Java HotSpot(TM) 64-Bit Server VM (25.144-b01) for windows-amd64 JRE (1.8.0_144-b01), built on Jul 21 2017 21:57:33 by "java_re" with MS VC++ 10.0 (VS2010)

time: Sun Feb 18 12:55:16 2018
elapsed time: 62 seconds (0d 0h 1m 2s)

